<?xml version="1.0" encoding="UTF-8"?>
<testng-results total="1" passed="1" failed="0" skipped="0">
  <reporter-output>
  </reporter-output>
  <suite started-at="2021-11-05T04:29:52Z" name="Surefire suite" finished-at="2021-11-05T04:29:53Z" duration-ms="1006">
    <groups>
    </groups>
    <test started-at="2021-11-05T04:29:52Z" name="Surefire test" finished-at="2021-11-05T04:29:53Z" duration-ms="1006">
      <class name="com.rest.api.tests.GetApiTest">
        <test-method is-config="true" signature="setUp()[pri:0, instance:com.rest.api.tests.GetApiTest@6dc17b83]" started-at="2021-11-05T09:59:52Z" name="setUp" finished-at="2021-11-05T09:59:52Z" duration-ms="8" status="PASS">
          <reporter-output>
          </reporter-output>
        </test-method> <!-- setUp -->
        <test-method signature="getTest()[pri:0, instance:com.rest.api.tests.GetApiTest@6dc17b83]" started-at="2021-11-05T09:59:52Z" name="getTest" finished-at="2021-11-05T09:59:53Z" duration-ms="970" status="PASS">
          <reporter-output>
          </reporter-output>
        </test-method> <!-- getTest -->
      </class> <!-- com.rest.api.tests.GetApiTest -->
    </test> <!-- Surefire test -->
  </suite> <!-- Surefire suite -->
</testng-results>
