<?xml version="1.0" encoding="UTF-8"?>
<testng-results total="1" passed="1" failed="0" skipped="0">
  <reporter-output>
  </reporter-output>
  <suite started-at="2021-10-28T10:59:54Z" name="Default suite" finished-at="2021-10-28T10:59:55Z" duration-ms="549">
    <groups>
    </groups>
    <test started-at="2021-10-28T10:59:54Z" name="Default test" finished-at="2021-10-28T10:59:55Z" duration-ms="549">
      <class name="com.rest.api.tests.GetApiTest">
        <test-method is-config="true" signature="setUp()[pri:0, instance:com.rest.api.tests.GetApiTest@1c39680d]" started-at="2021-10-28T16:29:54Z" name="setUp" finished-at="2021-10-28T16:29:54Z" duration-ms="7" status="PASS">
          <reporter-output>
          </reporter-output>
        </test-method> <!-- setUp -->
        <test-method signature="getTest()[pri:0, instance:com.rest.api.tests.GetApiTest@1c39680d]" started-at="2021-10-28T16:29:54Z" name="getTest" finished-at="2021-10-28T16:29:55Z" duration-ms="521" status="PASS">
          <reporter-output>
          </reporter-output>
        </test-method> <!-- getTest -->
      </class> <!-- com.rest.api.tests.GetApiTest -->
    </test> <!-- Default test -->
  </suite> <!-- Default suite -->
</testng-results>
